<?xml version="1.0" encoding="UTF-8"?>
<!-- Generated by org.testng.reporters.JUnitReportReporter -->
<testsuite skipped="0" hostname="A170LBJX" name="amazonTest.amazonMain" tests="2" failures="0" timestamp="2020-04-21T18:54:13 CDT" time="17.662" errors="0">
  <testcase name="search_Product" time="14.984" classname="amazonTest.amazonMain"/>
  <system-out/>
  <testcase name="account_Creation" time="2.678" classname="amazonTest.amazonMain"/>
  <system-out/>
</testsuite> <!-- amazonTest.amazonMain -->
